Performing C SOURCE FILE Test CMAKE_HAVE_LIBC_PTHREAD failed with the following output:
Change Dir: /workspaces/ProjectCrimeWorld/build/CMakeFiles/CMakeTmp

Run Build Command(s):/usr/bin/ninja cmTC_71b7c && [1/2] Building C object CMakeFiles/cmTC_71b7c.dir/src.c.o
[2/2] Linking C executable cmTC_71b7c
FAILED: cmTC_71b7c 
: && /usr/bin/cc -fno-strict-aliasing -Werror=implicit-function-declaration -Werror=pointer-arith  -DCMAKE_HAVE_LIBC_PTHREAD   CMakeFiles/cmTC_71b7c.dir/src.c.o  -o cmTC_71b7c   && :
/usr/bin/ld: CMakeFiles/cmTC_71b7c.dir/src.c.o: in function `main':
src.c:(.text+0x46): undefined reference to `pthread_create'
/usr/bin/ld: src.c:(.text+0x52): undefined reference to `pthread_detach'
/usr/bin/ld: src.c:(.text+0x63): undefined reference to `pthread_join'
collect2: error: ld returned 1 exit status
ninja: build stopped: subcommand failed.


Source file was:
#include <pthread.h>

void* test_func(void* data)
{
  return data;
}

int main(void)
{
  pthread_t thread;
  pthread_create(&thread, NULL, test_func, NULL);
  pthread_detach(thread);
  pthread_join(thread, NULL);
  pthread_atfork(NULL, NULL, NULL);
  pthread_exit(NULL);

  return 0;
}

Determining if the function pthread_create exists in the pthreads failed with the following output:
Change Dir: /workspaces/ProjectCrimeWorld/build/CMakeFiles/CMakeTmp

Run Build Command(s):/usr/bin/ninja cmTC_525bb && [1/2] Building C object CMakeFiles/cmTC_525bb.dir/CheckFunctionExists.c.o
[2/2] Linking C executable cmTC_525bb
FAILED: cmTC_525bb 
: && /usr/bin/cc -fno-strict-aliasing -Werror=implicit-function-declaration -Werror=pointer-arith  -DCHECK_FUNCTION_EXISTS=pthread_create   CMakeFiles/cmTC_525bb.dir/CheckFunctionExists.c.o  -o cmTC_525bb  -lpthreads && :
/usr/bin/ld: cannot find -lpthreads
collect2: error: ld returned 1 exit status
ninja: build stopped: subcommand failed.



